\BOOKMARK [0][-]{chapter.1}{Directory organization}{}% 1
\BOOKMARK [0][-]{chapter.2}{Setup of the solvated protein system}{}% 2
\BOOKMARK [1][-]{section.2.1}{Directory setup}{chapter.2}% 3
\BOOKMARK [1][-]{section.2.2}{Generate a topology from a pdb}{chapter.2}% 4
\BOOKMARK [1][-]{section.2.3}{Solvating our system:}{chapter.2}% 5
\BOOKMARK [0][-]{chapter.3}{Energy minimization}{}% 6
\BOOKMARK [1][-]{section.3.1}{Telling Gromacs what it will do}{chapter.3}% 7
\BOOKMARK [1][-]{section.3.2}{Performing an energy minimization run}{chapter.3}% 8
\BOOKMARK [0][-]{chapter.4}{Position restraints MD}{}% 9
\BOOKMARK [1][-]{section.4.1}{Telling Gromacs what it will do \(again\)}{chapter.4}% 10
\BOOKMARK [1][-]{section.4.2}{Performing the equilibration run}{chapter.4}% 11
\BOOKMARK [0][-]{chapter.5}{Equilibrium molecular dynamics}{}% 12
\BOOKMARK [1][-]{section.5.1}{Setup the production run}{chapter.5}% 13
\BOOKMARK [1][-]{section.5.2}{Running the simulation}{chapter.5}% 14
\BOOKMARK [0][-]{chapter.6}{Trajectory visualization}{}% 15
\BOOKMARK [1][-]{section.6.1}{Keeping our protein in one piece}{chapter.6}% 16
\BOOKMARK [1][-]{section.6.2}{Pinning down a tumbling protein}{chapter.6}% 17
\BOOKMARK [1][-]{section.6.3}{Check our modified trajectory}{chapter.6}% 18
\BOOKMARK [0][-]{chapter.7}{References}{}% 19
\BOOKMARK [0][-]{chapter*.7}{Bibliography}{}% 20
