Log file opened on Wed Jun 10 12:14:29 2015
Host: palpoutine  pid: 12357  nodeid: 0  nnodes:  1
Gromacs version:    VERSION 4.6.5
Precision:          single
Memory model:       64 bit
MPI library:        thread_mpi
OpenMP support:     enabled
GPU support:        enabled
invsqrt routine:    gmx_software_invsqrt(x)
CPU acceleration:   AVX_256
FFT library:        fftw-3.3.2-sse2
Large file support: enabled
RDTSCP usage:       enabled
Built on:           Tue Dec  3 15:01:21 MST 2013
Built by:           dldotson@spudda [CMAKE]
Build OS/arch:      Linux 3.2.0-53-generic x86_64
Build CPU vendor:   GenuineIntel
Build CPU brand:    Intel(R) Xeon(R) CPU E5-2630 0 @ 2.30GHz
Build CPU family:   6   Model: 45   Stepping: 7
Build CPU features: aes apic avx clfsh cmov cx8 cx16 htt lahf_lm mmx msr nonstop_tsc pcid pclmuldq pdcm pdpe1gb popcnt pse rdtscp sse2 sse3 sse4.1 sse4.2 ssse3 tdt x2apic
C compiler:         /nfs/packages/opt/Linux_x86_64/intel/13.0/bin/icc Intel icc (ICC) 13.0.0 20120731
C compiler flags:   -mavx    -std=gnu99 -Wall   -ip -funroll-all-loops  -O3 -DNDEBUG
C++ compiler:       /nfs/packages/opt/Linux_x86_64/intel/13.0/bin/icpc Intel icpc (ICC) 13.0.0 20120731
C++ compiler flags: -mavx   -Wall   -ip -funroll-all-loops  -O3 -DNDEBUG
CUDA compiler:      /nfs/packages/opt/Linux_x86_64/cudatoolkit/5.0.35/ubuntu11.10/bin/nvcc nvcc: NVIDIA (R) Cuda compiler driver;Copyright (c) 2005-2012 NVIDIA Corporation;Built on Fri_Sep_21_17:28:58_PDT_2012;Cuda compilation tools, release 5.0, V0.2.1221
CUDA compiler flags:-gencode;arch=compute_20,code=sm_20;-gencode;arch=compute_20,code=sm_21;-gencode;arch=compute_30,code=sm_30;-gencode;arch=compute_35,code=sm_35;-gencode;arch=compute_35,code=compute_35;-use_fast_math;-ccbin=/nfs/packages/opt/Linux_x86_64/intel/13.0/bin/icc;;-Xcompiler;-gcc-version=450;-Xcompiler;-fPIC ; -mavx;-Wall;-ip;-funroll-all-loops;-O3;-DNDEBUG
CUDA driver:        7.0
CUDA runtime:       5.0


                         :-)  G  R  O  M  A  C  S  (-:

                     Gnomes, ROck Monsters And Chili Sauce

                            :-)  VERSION 4.6.5  (-:

        Contributions from Mark Abraham, Emile Apol, Rossen Apostolov, 
           Herman J.C. Berendsen, Aldert van Buuren, Pär Bjelkmar,  
     Rudi van Drunen, Anton Feenstra, Gerrit Groenhof, Christoph Junghans, 
        Peter Kasson, Carsten Kutzner, Per Larsson, Pieter Meulenhoff, 
           Teemu Murtola, Szilard Pall, Sander Pronk, Roland Schulz, 
                Michael Shirts, Alfons Sijbers, Peter Tieleman,

               Berk Hess, David van der Spoel, and Erik Lindahl.

       Copyright (c) 1991-2000, University of Groningen, The Netherlands.
         Copyright (c) 2001-2012,2013, The GROMACS development team at
        Uppsala University & The Royal Institute of Technology, Sweden.
            check out http://www.gromacs.org for more information.

         This program is free software; you can redistribute it and/or
       modify it under the terms of the GNU Lesser General Public License
        as published by the Free Software Foundation; either version 2.1
             of the License, or (at your option) any later version.

                                :-)  mdrun  (-:


++++ PLEASE READ AND CITE THE FOLLOWING REFERENCE ++++
B. Hess and C. Kutzner and D. van der Spoel and E. Lindahl
GROMACS 4: Algorithms for highly efficient, load-balanced, and scalable
molecular simulation
J. Chem. Theory Comput. 4 (2008) pp. 435-447
-------- -------- --- Thank You --- -------- --------


++++ PLEASE READ AND CITE THE FOLLOWING REFERENCE ++++
D. van der Spoel, E. Lindahl, B. Hess, G. Groenhof, A. E. Mark and H. J. C.
Berendsen
GROMACS: Fast, Flexible and Free
J. Comp. Chem. 26 (2005) pp. 1701-1719
-------- -------- --- Thank You --- -------- --------


++++ PLEASE READ AND CITE THE FOLLOWING REFERENCE ++++
E. Lindahl and B. Hess and D. van der Spoel
GROMACS 3.0: A package for molecular simulation and trajectory analysis
J. Mol. Mod. 7 (2001) pp. 306-317
-------- -------- --- Thank You --- -------- --------


++++ PLEASE READ AND CITE THE FOLLOWING REFERENCE ++++
H. J. C. Berendsen, D. van der Spoel and R. van Drunen
GROMACS: A message-passing parallel molecular dynamics implementation
Comp. Phys. Comm. 91 (1995) pp. 43-56
-------- -------- --- Thank You --- -------- --------


NOTE: GPU(s) found, but the current simulation can not use GPUs
      To use a GPU, set the mdp option: cutoff-scheme = Verlet
      (for quick performance testing you can use the -testverlet option)

Input Parameters:
   integrator           = md
   nsteps               = 5000
   init-step            = 0
   cutoff-scheme        = Group
   ns_type              = Grid
   nstlist              = 5
   ndelta               = 2
   nstcomm              = 1000
   comm-mode            = Linear
   nstlog               = 500
   nstxout              = 0
   nstvout              = 0
   nstfout              = 0
   nstcalcenergy        = 100
   nstenergy            = 300
   nstxtcout            = 500
   init-t               = 0
   delta-t              = 0.002
   xtcprec              = 1000
   fourierspacing       = 0.12
   nkx                  = 64
   nky                  = 64
   nkz                  = 64
   pme-order            = 4
   ewald-rtol           = 1e-05
   ewald-geometry       = 0
   epsilon-surface      = 0
   optimize-fft         = TRUE
   ePBC                 = xyz
   bPeriodicMols        = FALSE
   bContinuation        = FALSE
   bShakeSOR            = FALSE
   etc                  = Berendsen
   bPrintNHChains       = FALSE
   nsttcouple           = 5
   epc                  = Berendsen
   epctype              = Isotropic
   nstpcouple           = 5
   tau-p                = 0.5
   ref-p (3x3):
      ref-p[    0]={ 1.00000e+00,  0.00000e+00,  0.00000e+00}
      ref-p[    1]={ 0.00000e+00,  1.00000e+00,  0.00000e+00}
      ref-p[    2]={ 0.00000e+00,  0.00000e+00,  1.00000e+00}
   compress (3x3):
      compress[    0]={ 4.50000e-05,  0.00000e+00,  0.00000e+00}
      compress[    1]={ 0.00000e+00,  4.50000e-05,  0.00000e+00}
      compress[    2]={ 0.00000e+00,  0.00000e+00,  4.50000e-05}
   refcoord-scaling     = COM
   posres-com (3):
      posres-com[0]= 4.99010e-01
      posres-com[1]= 4.99925e-01
      posres-com[2]= 4.99738e-01
   posres-comB (3):
      posres-comB[0]= 0.00000e+00
      posres-comB[1]= 0.00000e+00
      posres-comB[2]= 0.00000e+00
   verlet-buffer-drift  = 0.005
   rlist                = 1.4
   rlistlong            = 1.4
   nstcalclr            = 0
   rtpi                 = 0.05
   coulombtype          = PME-Switch
   coulomb-modifier     = None
   rcoulomb-switch      = 0
   rcoulomb             = 1.2
   vdwtype              = Switch
   vdw-modifier         = None
   rvdw-switch          = 1
   rvdw                 = 1.2
   epsilon-r            = 1
   epsilon-rf           = 1
   tabext               = 1
   implicit-solvent     = No
   gb-algorithm         = Still
   gb-epsilon-solvent   = 80
   nstgbradii           = 1
   rgbradii             = 1
   gb-saltconc          = 0
   gb-obc-alpha         = 1
   gb-obc-beta          = 0.8
   gb-obc-gamma         = 4.85
   gb-dielectric-offset = 0.009
   sa-algorithm         = Ace-approximation
   sa-surface-tension   = 2.05016
   DispCorr             = EnerPres
   bSimTemp             = FALSE
   free-energy          = no
   nwall                = 0
   wall-type            = 9-3
   wall-atomtype[0]     = -1
   wall-atomtype[1]     = -1
   wall-density[0]      = 0
   wall-density[1]      = 0
   wall-ewald-zfac      = 3
   pull                 = no
   rotation             = FALSE
   disre                = No
   disre-weighting      = Conservative
   disre-mixed          = FALSE
   dr-fc                = 1000
   dr-tau               = 0
   nstdisreout          = 100
   orires-fc            = 0
   orires-tau           = 0
   nstorireout          = 100
   dihre-fc             = 0
   em-stepsize          = 0.01
   em-tol               = 10
   niter                = 20
   fc-stepsize          = 0
   nstcgsteep           = 1000
   nbfgscorr            = 10
   ConstAlg             = Lincs
   shake-tol            = 0.0001
   lincs-order          = 4
   lincs-warnangle      = 30
   lincs-iter           = 1
   bd-fric              = 0
   ld-seed              = 1993
   cos-accel            = 0
   deform (3x3):
      deform[    0]={ 0.00000e+00,  0.00000e+00,  0.00000e+00}
      deform[    1]={ 0.00000e+00,  0.00000e+00,  0.00000e+00}
      deform[    2]={ 0.00000e+00,  0.00000e+00,  0.00000e+00}
   adress               = FALSE
   userint1             = 0
   userint2             = 0
   userint3             = 0
   userint4             = 0
   userreal1            = 0
   userreal2            = 0
   userreal3            = 0
   userreal4            = 0
grpopts:
   nrdf:     8337.55     46761.5
   ref-t:         300         300
   tau-t:         0.1         0.1
anneal:          No          No
ann-npoints:           0           0
   acc:	           0           0           0
   nfreeze:           N           N           N
   energygrp-flags[  0]: 0
   efield-x:
      n = 0
   efield-xt:
      n = 0
   efield-y:
      n = 0
   efield-yt:
      n = 0
   efield-z:
      n = 0
   efield-zt:
      n = 0
   bQMMM                = FALSE
   QMconstraints        = 0
   QMMMscheme           = 0
   scalefactor          = 1
qm-opts:
   ngQM                 = 0

Initializing Domain Decomposition on 32 nodes
Dynamic load balancing: auto
Will sort the charge groups at every domain (re)decomposition
Initial maximum inter charge-group distances:
    two-body bonded interactions: 0.425 nm, LJ-14, atoms 788 796
  multi-body bonded interactions: 0.483 nm, CMAP Dih., atoms 2961 2977
Minimum cell size due to bonded interactions: 0.532 nm
Maximum distance for 5 constraints, at 120 deg. angles, all-trans: 0.222 nm
Estimated maximum distance required for P-LINCS: 0.222 nm
Guess for relative PME load: 0.11
Will use 24 particle-particle and 8 PME only nodes
This is a guess, check the performance at the end of the log file
Using 8 separate PME nodes, as guessed by mdrun
Scaling the initial minimum size with 1/0.8 (option -dds) = 1.25
Optimizing the DD grid for 24 cells with a minimum initial size of 0.665 nm
The maximum allowed number of cells is: X 8 Y 8 Z 7
Domain decomposition grid 8 x 3 x 1, separate PME nodes 8
PME domain decomposition: 8 x 1 x 1
Interleaving PP and PME nodes
This is a particle-particle only node

Domain decomposition nodeid 0, coordinates 0 0 0

Using 32 MPI threads

Detecting CPU-specific acceleration.
Present hardware specification:
Vendor: GenuineIntel
Brand:  Intel(R) Xeon(R) CPU E5-2630 v3 @ 2.40GHz
Family:  6  Model: 63  Stepping:  2
Features: apic avx avx2 clfsh cmov cx8 cx16 f16c fma htt lahf_lm mmx msr nonstop_tsc pcid pclmuldq pdcm pdpe1gb popcnt pse rdrnd rdtscp sse2 sse3 sse4.1 sse4.2 ssse3 tdt x2apic
Acceleration most likely to fit this hardware: AVX_256
Acceleration selected at GROMACS compile time: AVX_256


1 GPU detected:
  #0: NVIDIA GeForce GTX 980, compute cap.: 5.2, ECC:  no, stat: compatible

1 compatible GPU detected in the system, but none will be used.
Consider trying GPU acceleration with the Verlet scheme!

Table routines are used for coulomb: TRUE
Table routines are used for vdw:     TRUE
Will do PME sum in reciprocal space.

++++ PLEASE READ AND CITE THE FOLLOWING REFERENCE ++++
U. Essmann, L. Perera, M. L. Berkowitz, T. Darden, H. Lee and L. G. Pedersen 
A smooth particle mesh Ewald method
J. Chem. Phys. 103 (1995) pp. 8577-8592
-------- -------- --- Thank You --- -------- --------

Will do ordinary reciprocal space Ewald sum.
Using a Gaussian width (1/beta) of 0.384195 nm for Ewald
Using shifted Lennard-Jones, switch between 1 and 1.2 nm
Cut-off's:   NS: 1.4   Coulomb: 1.2   LJ: 1.2
Long Range LJ corr.: <C6> 3.3596e-04
System total charge: 0.000
Generated table with 1200 data points for Ewald-Switch.
Tabscale = 500 points/nm
Generated table with 1200 data points for LJ6Switch.
Tabscale = 500 points/nm
Generated table with 1200 data points for LJ12Switch.
Tabscale = 500 points/nm
Generated table with 1200 data points for 1-4 COUL.
Tabscale = 500 points/nm
Generated table with 1200 data points for 1-4 LJ6.
Tabscale = 500 points/nm
Generated table with 1200 data points for 1-4 LJ12.
Tabscale = 500 points/nm

Enabling SPC-like water optimization for 7776 molecules.

Potential shift: LJ r^-12: 0.000 r^-6 0.000, Ewald 0.000e+00
Initialized non-bonded Ewald correction tables, spacing: 7.23e-04 size: 3322

Removing pbc first time
Pinning threads with an auto-selected logical core stride of 1

Initializing Parallel LINear Constraint Solver

++++ PLEASE READ AND CITE THE FOLLOWING REFERENCE ++++
B. Hess
P-LINCS: A Parallel Linear Constraint Solver for molecular simulation
J. Chem. Theory Comput. 4 (2008) pp. 116-122
-------- -------- --- Thank You --- -------- --------

The number of constraints is 1685
There are inter charge-group constraints,
will communicate selected coordinates each lincs iteration

++++ PLEASE READ AND CITE THE FOLLOWING REFERENCE ++++
S. Miyamoto and P. A. Kollman
SETTLE: An Analytical Version of the SHAKE and RATTLE Algorithms for Rigid
Water Models
J. Comp. Chem. 13 (1992) pp. 952-962
-------- -------- --- Thank You --- -------- --------


Linking all bonded interactions to atoms
There are 18308 inter charge-group exclusions,
will use an extra communication step for exclusion forces for PME-Switch

The initial number of communication pulses is: X 2 Y 1
The initial domain decomposition cell size is: X 0.74 nm Y 1.97 nm

The maximum allowed distance for charge groups involved in interactions is:
                 non-bonded interactions           1.400 nm
(the following are initial values, they could change due to box deformation)
            two-body bonded interactions  (-rdd)   1.400 nm
          multi-body bonded interactions  (-rdd)   0.740 nm
  atoms separated by up to 5 constraints  (-rcon)  0.740 nm

When dynamic load balancing gets turned on, these settings will change to:
The maximum number of communication pulses is: X 3 Y 2
The minimum size for domain decomposition cells is 0.592 nm
The requested allowed shrink of DD cells (option -dds) is: 0.80
The allowed shrink of domain decomposition cells is: X 0.80 Y 0.35
The maximum allowed distance for charge groups involved in interactions is:
                 non-bonded interactions           1.400 nm
            two-body bonded interactions  (-rdd)   1.400 nm
          multi-body bonded interactions  (-rdd)   0.592 nm
  atoms separated by up to 5 constraints  (-rcon)  0.592 nm


Making 2D domain decomposition grid 8 x 3 x 1, home cell index 0 0 0

Center of mass motion removal mode is Linear
We have the following groups for center of mass motion removal:
  0:  System

++++ PLEASE READ AND CITE THE FOLLOWING REFERENCE ++++
H. J. C. Berendsen, J. P. M. Postma, A. DiNola and J. R. Haak
Molecular dynamics with coupling to an external bath
J. Chem. Phys. 81 (1984) pp. 3684-3690
-------- -------- --- Thank You --- -------- --------

There are: 26705 Atoms
Charge group distribution at step 0: 388 376 377 499 430 369 540 555 371 560 592 448 555 648 537 433 609 586 376 396 419 360 363 366
Grid: 9 x 12 x 8 cells

Constraining the starting coordinates (step 0)

Constraining the coordinates at t0-dt (step 0)
RMS relative constraint deviation after constraining: 1.88e-06
Initial temperature: 300.382 K

Started mdrun on node 0 Wed Jun 10 12:14:30 2015

           Step           Time         Lambda
              0        0.00000        0.00000


   Energies (kJ/mol)
           Bond            U-B    Proper Dih.  Improper Dih.      CMAP Dih.
    6.27022e+02    2.48185e+03    3.77454e+03    1.11784e+02   -1.17129e+03
          LJ-14     Coulomb-14        LJ (SR)  Disper. corr.   Coulomb (SR)
    2.04380e+03    3.38386e+04    4.30828e+04   -1.40710e+03   -4.28422e+05
   Coul. recip. Position Rest.      Potential    Kinetic En.   Total Energy
   -6.83205e+04    8.42293e-04   -4.13361e+05    6.88197e+04   -3.44541e+05
    Temperature Pres. DC (bar) Pressure (bar)   Constr. rmsd
    3.00443e+02   -8.65894e+01   -4.15615e+03    3.00736e-06

DD  step 4 load imb.: force 38.4%  pme mesh/force 0.336

At step 5 the performance loss due to force load imbalance is 10.1 %

NOTE: Turning on dynamic load balancing

DD  step 499  vol min/aver 0.554  load imb.: force  0.7%  pme mesh/force 0.351

           Step           Time         Lambda
            500        1.00000        0.00000

   Energies (kJ/mol)
           Bond            U-B    Proper Dih.  Improper Dih.      CMAP Dih.
    2.32957e+03    7.60414e+03    4.57970e+03    4.43105e+02   -1.04375e+03
          LJ-14     Coulomb-14        LJ (SR)  Disper. corr.   Coulomb (SR)
    2.22753e+03    3.34972e+04    4.37657e+04   -1.43078e+03   -3.83710e+05
   Coul. recip. Position Rest.      Potential    Kinetic En.   Total Energy
   -6.90293e+04    1.13022e+03   -3.59637e+05    6.80879e+04   -2.91549e+05
    Temperature Pres. DC (bar) Pressure (bar)   Constr. rmsd
    2.97248e+02   -8.95281e+01    9.78776e+01    2.78036e-06

DD  step 999  vol min/aver 0.559  load imb.: force  1.1%  pme mesh/force 0.348

           Step           Time         Lambda
           1000        2.00000        0.00000

   Energies (kJ/mol)
           Bond            U-B    Proper Dih.  Improper Dih.      CMAP Dih.
    2.41931e+03    7.70301e+03    4.48838e+03    4.73277e+02   -1.05012e+03
          LJ-14     Coulomb-14        LJ (SR)  Disper. corr.   Coulomb (SR)
    2.18709e+03    3.33993e+04    4.26391e+04   -1.43292e+03   -3.83434e+05
   Coul. recip. Position Rest.      Potential    Kinetic En.   Total Energy
   -6.91310e+04    1.01167e+03   -3.60727e+05    6.89127e+04   -2.91814e+05
    Temperature Pres. DC (bar) Pressure (bar)   Constr. rmsd
    3.00849e+02   -8.97965e+01    2.35011e+01    3.21938e-06

DD  load balancing is limited by minimum cell size in dimension X
DD  step 1499  vol min/aver 0.567! load imb.: force  1.7%  pme mesh/force 0.347

           Step           Time         Lambda
           1500        3.00000        0.00000

   Energies (kJ/mol)
           Bond            U-B    Proper Dih.  Improper Dih.      CMAP Dih.
    2.49788e+03    7.65295e+03    4.44557e+03    4.73352e+02   -1.11501e+03
          LJ-14     Coulomb-14        LJ (SR)  Disper. corr.   Coulomb (SR)
    2.22734e+03    3.37521e+04    4.35647e+04   -1.43767e+03   -3.85588e+05
   Coul. recip. Position Rest.      Potential    Kinetic En.   Total Energy
   -6.91958e+04    1.10331e+03   -3.61619e+05    6.85714e+04   -2.93048e+05
    Temperature Pres. DC (bar) Pressure (bar)   Constr. rmsd
    2.99359e+02   -9.03928e+01    1.19729e+02    3.01611e-06

DD  step 1999  vol min/aver 0.540  load imb.: force  0.9%  pme mesh/force 0.349

           Step           Time         Lambda
           2000        4.00000        0.00000

   Energies (kJ/mol)
           Bond            U-B    Proper Dih.  Improper Dih.      CMAP Dih.
    2.51591e+03    7.60056e+03    4.48515e+03    4.97492e+02   -1.06566e+03
          LJ-14     Coulomb-14        LJ (SR)  Disper. corr.   Coulomb (SR)
    2.24341e+03    3.36383e+04    4.29465e+04   -1.43904e+03   -3.84805e+05
   Coul. recip. Position Rest.      Potential    Kinetic En.   Total Energy
   -6.91608e+04    9.77371e+02   -3.61566e+05    6.85377e+04   -2.93028e+05
    Temperature Pres. DC (bar) Pressure (bar)   Constr. rmsd
    2.99212e+02   -9.05645e+01    2.10588e+02    3.04424e-06

DD  load balancing is limited by minimum cell size in dimension X
DD  step 2499  vol min/aver 0.568! load imb.: force  2.3%  pme mesh/force 0.349

           Step           Time         Lambda
           2500        5.00000        0.00000

   Energies (kJ/mol)
           Bond            U-B    Proper Dih.  Improper Dih.      CMAP Dih.
    2.73363e+03    7.83368e+03    4.45167e+03    3.97894e+02   -1.09535e+03
          LJ-14     Coulomb-14        LJ (SR)  Disper. corr.   Coulomb (SR)
    2.25581e+03    3.33586e+04    4.37629e+04   -1.43950e+03   -3.86786e+05
   Coul. recip. Position Rest.      Potential    Kinetic En.   Total Energy
   -6.91077e+04    1.03869e+03   -3.62596e+05    6.90924e+04   -2.93503e+05
    Temperature Pres. DC (bar) Pressure (bar)   Constr. rmsd
    3.01634e+02   -9.06230e+01   -3.95713e+01    3.33920e-06

DD  load balancing is limited by minimum cell size in dimension X
DD  step 2999  vol min/aver 0.551! load imb.: force  1.7%  pme mesh/force 0.350

           Step           Time         Lambda
           3000        6.00000        0.00000

   Energies (kJ/mol)
           Bond            U-B    Proper Dih.  Improper Dih.      CMAP Dih.
    2.56272e+03    7.69974e+03    4.39167e+03    4.38203e+02   -1.13272e+03
          LJ-14     Coulomb-14        LJ (SR)  Disper. corr.   Coulomb (SR)
    2.21649e+03    3.36643e+04    4.29955e+04   -1.43774e+03   -3.85576e+05
   Coul. recip. Position Rest.      Potential    Kinetic En.   Total Energy
   -6.91333e+04    9.68836e+02   -3.62342e+05    6.90697e+04   -2.93272e+05
    Temperature Pres. DC (bar) Pressure (bar)   Constr. rmsd
    3.01535e+02   -9.04017e+01   -6.45533e+01    2.90343e-06

DD  load balancing is limited by minimum cell size in dimension X
DD  step 3499  vol min/aver 0.543! load imb.: force  4.1%  pme mesh/force 0.340

           Step           Time         Lambda
           3500        7.00000        0.00000

   Energies (kJ/mol)
           Bond            U-B    Proper Dih.  Improper Dih.      CMAP Dih.
    2.71535e+03    7.66988e+03    4.55880e+03    4.78221e+02   -1.10974e+03
          LJ-14     Coulomb-14        LJ (SR)  Disper. corr.   Coulomb (SR)
    2.19251e+03    3.36399e+04    4.32123e+04   -1.44312e+03   -3.86187e+05
   Coul. recip. Position Rest.      Potential    Kinetic En.   Total Energy
   -6.91517e+04    1.06843e+03   -3.62356e+05    6.90376e+04   -2.93319e+05
    Temperature Pres. DC (bar) Pressure (bar)   Constr. rmsd
    3.01394e+02   -9.10795e+01   -1.97484e+02    3.02285e-06

DD  load balancing is limited by minimum cell size in dimension X
DD  step 3999  vol min/aver 0.559! load imb.: force  2.9%  pme mesh/force 0.345

           Step           Time         Lambda
           4000        8.00000        0.00000

   Energies (kJ/mol)
           Bond            U-B    Proper Dih.  Improper Dih.      CMAP Dih.
    2.59179e+03    7.67488e+03    4.43440e+03    4.26676e+02   -1.13976e+03
          LJ-14     Coulomb-14        LJ (SR)  Disper. corr.   Coulomb (SR)
    2.19615e+03    3.36040e+04    4.34792e+04   -1.44364e+03   -3.86320e+05
   Coul. recip. Position Rest.      Potential    Kinetic En.   Total Energy
   -6.91924e+04    1.14383e+03   -3.62545e+05    6.86608e+04   -2.93884e+05
    Temperature Pres. DC (bar) Pressure (bar)   Constr. rmsd
    2.99749e+02   -9.11450e+01    1.14761e+02    3.15203e-06

DD  load balancing is limited by minimum cell size in dimension X
DD  step 4499  vol min/aver 0.536! load imb.: force  1.3%  pme mesh/force 0.351

           Step           Time         Lambda
           4500        9.00000        0.00000

   Energies (kJ/mol)
           Bond            U-B    Proper Dih.  Improper Dih.      CMAP Dih.
    2.62543e+03    7.72781e+03    4.45058e+03    4.24576e+02   -1.13740e+03
          LJ-14     Coulomb-14        LJ (SR)  Disper. corr.   Coulomb (SR)
    2.26380e+03    3.37983e+04    4.40800e+04   -1.44132e+03   -3.86781e+05
   Coul. recip. Position Rest.      Potential    Kinetic En.   Total Energy
   -6.91900e+04    1.11497e+03   -3.62064e+05    6.84219e+04   -2.93642e+05
    Temperature Pres. DC (bar) Pressure (bar)   Constr. rmsd
    2.98707e+02   -9.08518e+01    2.77541e+02    3.09350e-06

DD  load balancing is limited by minimum cell size in dimension X
DD  step 4999  vol min/aver 0.543! load imb.: force  3.8%  pme mesh/force 0.292

           Step           Time         Lambda
           5000       10.00000        0.00000

Writing checkpoint, step 5000 at Wed Jun 10 12:15:20 2015


   Energies (kJ/mol)
           Bond            U-B    Proper Dih.  Improper Dih.      CMAP Dih.
    2.50122e+03    7.85568e+03    4.42300e+03    4.57625e+02   -1.17105e+03
          LJ-14     Coulomb-14        LJ (SR)  Disper. corr.   Coulomb (SR)
    2.21554e+03    3.34645e+04    4.26217e+04   -1.43786e+03   -3.85194e+05
   Coul. recip. Position Rest.      Potential    Kinetic En.   Total Energy
   -6.91620e+04    1.12801e+03   -3.62298e+05    6.89424e+04   -2.93355e+05
    Temperature Pres. DC (bar) Pressure (bar)   Constr. rmsd
    3.00979e+02   -9.04160e+01   -8.67518e+01    3.28497e-06

	<======  ###############  ==>
	<====  A V E R A G E S  ====>
	<==  ###############  ======>

	Statistics over 5001 steps using 51 frames

   Energies (kJ/mol)
           Bond            U-B    Proper Dih.  Improper Dih.      CMAP Dih.
    2.51147e+03    7.56118e+03    4.46812e+03    4.44887e+02   -1.11160e+03
          LJ-14     Coulomb-14        LJ (SR)  Disper. corr.   Coulomb (SR)
    2.20942e+03    3.34739e+04    4.36202e+04   -1.43705e+03   -3.86678e+05
   Coul. recip. Position Rest.      Potential    Kinetic En.   Total Energy
   -6.91150e+04    1.05444e+03   -3.62998e+05    6.84556e+04   -2.94543e+05
    Temperature Pres. DC (bar) Pressure (bar)   Constr. rmsd
    2.98854e+02   -9.03157e+01   -6.91227e+01    0.00000e+00

          Box-X          Box-Y          Box-Z
    7.20270e+00    7.20270e+00    5.09308e+00

   Total Virial (kJ/mol)
    2.32824e+04   -1.54745e+02   -5.42310e+02
   -1.59384e+02    2.36719e+04    2.53510e+02
   -5.42208e+02    2.58957e+02    2.31948e+04

   Pressure (bar)
   -4.97894e+01    1.84705e+01    6.41307e+01
    1.90492e+01   -1.04834e+02   -3.02044e+01
    6.41150e+01   -3.08887e+01   -5.27450e+01

      T-Protein  T-non-Protein
    2.98473e+02    2.98921e+02


	M E G A - F L O P S   A C C O U N T I N G

 NB=Group-cutoff nonbonded kernels    NxN=N-by-N cluster Verlet kernels
 RF=Reaction-Field  VdW=Van der Waals  QSTab=quadratic-spline table
 W3=SPC/TIP3p  W4=TIP4p (single or pairs)
 V&F=Potential and force  V=Potential only  F=Force only

 Computing:                               M-Number         M-Flops  % Flops
-----------------------------------------------------------------------------
 NB VdW [V&F]                           146.724143         146.724     0.0
 NB VdW [F]                            9684.259050        9684.259     0.2
 NB Elec. [V&F]                        1686.392624        1686.393     0.0
 NB Elec. [F]                        148849.011455      148849.011     3.5
 NB VdW & Elec. [V&F]                  4943.136992        4943.137     0.1
 NB VdW & Elec. [F]                  402005.604204      402005.604     9.5
 NB VdW & Elec. [W3,V&F]               3343.443500        3343.443     0.1
 NB VdW & Elec. [W3,F]               285335.478652      285335.479     6.7
 NB VdW & Elec. [W3-W3,V&F]           31248.846552       31248.847     0.7
 NB VdW & Elec. [W3-W3,F]           2720371.418786     2720371.419    64.2
 1,4 nonbonded interactions              44.108820        3969.794     0.1
 Calc Weights                           400.655115       14423.584     0.3
 Spread Q Bspline                      8547.309120       17094.618     0.4
 Gather F Bspline                      8547.309120       51283.855     1.2
 3D-FFT                               47195.357184      377562.857     8.9
 Solve PME                               20.484096        1310.982     0.0
 NS-Pairs                              6459.287094      135645.029     3.2
 Reset In Box                            11.164153          33.492     0.0
 CG-CoM                                  26.758410          80.275     0.0
 Bonds                                    8.401680         495.699     0.0
 Propers                                 37.037406        8481.566     0.2
 Impropers                                2.655531         552.350     0.0
 Pos. Restr.                              8.281656         414.083     0.0
 Virial                                  27.812785         500.630     0.0
 Stop-CM                                  0.186935           1.869     0.0
 P-Coupling                             133.551705         801.310     0.0
 Calc-Ekin                               53.463410        1443.512     0.0
 Lincs                                   10.122861         607.372     0.0
 Lincs-Mat                               59.294004         237.176     0.0
 Constraint-V                           136.928372        1095.427     0.0
 Constraint-Vir                          25.376715         609.041     0.0
 Settle                                  38.903328       12565.775     0.3
 (null)                                   1.060212           0.000     0.0
-----------------------------------------------------------------------------
 Total                                                 4236824.614   100.0
-----------------------------------------------------------------------------


    D O M A I N   D E C O M P O S I T I O N   S T A T I S T I C S

 av. #atoms communicated per step for force:  2 x 107471.2
 av. #atoms communicated per step for LINCS:  2 x 556.5

 Average load imbalance: 2.2 %
 Part of the total run time spent waiting due to load imbalance: 0.9 %
 Steps where the load balancing was limited by -rdd, -rcon and/or -dds: X 15 % Y 0 %
 Average PME mesh/force load: 0.367
 Part of the total run time spent waiting due to PP/PME imbalance: 12.3 %

NOTE: 12.3 % performance was lost because the PME nodes
      had less work to do than the PP nodes.
      You might want to decrease the number of PME nodes
      or decrease the cut-off and the grid spacing.


     R E A L   C Y C L E   A N D   T I M E   A C C O U N T I N G

 Computing:         Nodes   Th.     Count  Wall t (s)     G-Cycles       %
-----------------------------------------------------------------------------
 Domain decomp.        24    1       1001       1.991      114.701     3.0
 DD comm. load         24    1       1000       0.205       11.830     0.3
 DD comm. bounds       24    1       1000       0.282       16.262     0.4
 Send X to PME         24    1       5001       0.278       15.997     0.4
 Neighbor search       24    1       1001       8.357      481.353    12.6
 Comm. coord.          24    1       5001       1.187       68.373     1.8
 Force                 24    1       5001      26.107     1503.737    39.3
 Wait + Comm. F        24    1       5001       8.034      462.734    12.1
 PME mesh               8    1       5001      13.001      249.618     6.5
 PME wait for PP        8                      36.877      708.030    18.5
 Wait + Recv. PME F    24    1       5001       0.782       45.061     1.2
 Write traj.           24    1         11       0.013        0.773     0.0
 Update                24    1       5001       0.144        8.299     0.2
 Constraints           24    1       5001       1.674       96.405     2.5
 Comm. energies        24    1       1001       0.634       36.533     1.0
 Rest                  24                       0.143       11.008     0.3
-----------------------------------------------------------------------------
 Total                 32                      49.880     3830.712   100.0
-----------------------------------------------------------------------------
-----------------------------------------------------------------------------
 PME redist. X/F        8    1      10002       2.148       41.243     1.1
 PME spread/gather      8    1      10002       5.274      101.255     2.6
 PME 3D-FFT             8    1      10002       3.800       72.956     1.9
 PME 3D-FFT Comm.       8    1      10002       0.626       12.020     0.3
 PME solve              8    1       5001       1.142       21.918     0.6
-----------------------------------------------------------------------------

               Core t (s)   Wall t (s)        (%)
       Time:     1586.622       49.880     3180.9
                 (ns/day)    (hour/ns)
Performance:       17.325        1.385
Finished mdrun on node 0 Wed Jun 10 12:15:20 2015
